  name_surname.cpp
C:\Users\Usama\source\repos\InteractiveGraphicsHouseAndTrees\InteractiveGraphicsHouseAndTrees\camera.h(93,13): warning C4244: '=': conversion from 'double' to 'float', possible loss of data
C:\Users\Usama\source\repos\InteractiveGraphicsHouseAndTrees\InteractiveGraphicsHouseAndTrees\camera.h(102,16): warning C4244: '=': conversion from 'double' to 'float', possible loss of data
C:\Users\Usama\source\repos\InteractiveGraphicsHouseAndTrees\InteractiveGraphicsHouseAndTrees\camera.h(117,42): warning C4244: '=': conversion from 'double' to 'float', possible loss of data
C:\Users\Usama\source\repos\InteractiveGraphicsHouseAndTrees\InteractiveGraphicsHouseAndTrees\camera.h(118,42): warning C4244: '=': conversion from 'double' to 'float', possible loss of data
C:\Users\Usama\source\repos\InteractiveGraphicsHouseAndTrees\InteractiveGraphicsHouseAndTrees\camera.h(119,24): warning C4244: '=': conversion from 'double' to 'float', possible loss of data
C:\Users\Usama\source\repos\InteractiveGraphicsHouseAndTrees\InteractiveGraphicsHouseAndTrees\name_surname.cpp(35,32): warning C4305: 'argument': truncation from 'double' to 'float'
C:\Users\Usama\source\repos\InteractiveGraphicsHouseAndTrees\InteractiveGraphicsHouseAndTrees\name_surname.cpp(102,25): warning C4305: 'argument': truncation from 'double' to 'GLfloat'
C:\Users\Usama\source\repos\InteractiveGraphicsHouseAndTrees\InteractiveGraphicsHouseAndTrees\name_surname.cpp(105,22): warning C4244: 'argument': conversion from 'double' to 'float', possible loss of data
C:\Users\Usama\source\repos\InteractiveGraphicsHouseAndTrees\InteractiveGraphicsHouseAndTrees\name_surname.cpp(105,11): warning C4244: 'argument': conversion from 'double' to 'float', possible loss of data
C:\Users\Usama\source\repos\InteractiveGraphicsHouseAndTrees\InteractiveGraphicsHouseAndTrees\name_surname.cpp(113,26): warning C4305: 'argument': truncation from 'double' to 'GLfloat'
C:\Users\Usama\source\repos\InteractiveGraphicsHouseAndTrees\InteractiveGraphicsHouseAndTrees\name_surname.cpp(114,19): warning C4244: 'argument': conversion from 'double' to 'GLfloat', possible loss of data
C:\Users\Usama\source\repos\InteractiveGraphicsHouseAndTrees\InteractiveGraphicsHouseAndTrees\name_surname.cpp(115,68): warning C4244: 'argument': conversion from 'int' to 'GLfloat', possible loss of data
C:\Users\Usama\source\repos\InteractiveGraphicsHouseAndTrees\InteractiveGraphicsHouseAndTrees\name_surname.cpp(115,53): warning C4244: 'argument': conversion from 'int' to 'GLfloat', possible loss of data
C:\Users\Usama\source\repos\InteractiveGraphicsHouseAndTrees\InteractiveGraphicsHouseAndTrees\name_surname.cpp(115,38): warning C4244: 'argument': conversion from 'int' to 'GLfloat', possible loss of data
C:\Users\Usama\source\repos\InteractiveGraphicsHouseAndTrees\InteractiveGraphicsHouseAndTrees\name_surname.cpp(115,23): warning C4244: 'argument': conversion from 'int' to 'GLfloat', possible loss of data
C:\Users\Usama\source\repos\InteractiveGraphicsHouseAndTrees\InteractiveGraphicsHouseAndTrees\name_surname.cpp(116,19): warning C4244: 'argument': conversion from 'double' to 'GLfloat', possible loss of data
C:\Users\Usama\source\repos\InteractiveGraphicsHouseAndTrees\InteractiveGraphicsHouseAndTrees\name_surname.cpp(118,18): warning C4244: 'argument': conversion from 'double' to 'float', possible loss of data
C:\Users\Usama\source\repos\InteractiveGraphicsHouseAndTrees\InteractiveGraphicsHouseAndTrees\name_surname.cpp(118,8): warning C4244: 'argument': conversion from 'double' to 'float', possible loss of data
C:\Users\Usama\source\repos\InteractiveGraphicsHouseAndTrees\InteractiveGraphicsHouseAndTrees\name_surname.cpp(125,26): warning C4305: 'argument': truncation from 'double' to 'GLfloat'
C:\Users\Usama\source\repos\InteractiveGraphicsHouseAndTrees\InteractiveGraphicsHouseAndTrees\name_surname.cpp(126,70): warning C4244: 'argument': conversion from 'double' to 'GLfloat', possible loss of data
C:\Users\Usama\source\repos\InteractiveGraphicsHouseAndTrees\InteractiveGraphicsHouseAndTrees\name_surname.cpp(126,51): warning C4244: 'argument': conversion from 'double' to 'GLfloat', possible loss of data
C:\Users\Usama\source\repos\InteractiveGraphicsHouseAndTrees\InteractiveGraphicsHouseAndTrees\name_surname.cpp(126,32): warning C4244: 'argument': conversion from 'double' to 'GLfloat', possible loss of data
C:\Users\Usama\source\repos\InteractiveGraphicsHouseAndTrees\InteractiveGraphicsHouseAndTrees\name_surname.cpp(127,19): warning C4244: 'argument': conversion from 'double' to 'GLfloat', possible loss of data
C:\Users\Usama\source\repos\InteractiveGraphicsHouseAndTrees\InteractiveGraphicsHouseAndTrees\name_surname.cpp(128,20): warning C4305: 'argument': truncation from 'double' to 'float'
C:\Users\Usama\source\repos\InteractiveGraphicsHouseAndTrees\InteractiveGraphicsHouseAndTrees\name_surname.cpp(137,25): warning C4305: 'argument': truncation from 'double' to 'GLfloat'
C:\Users\Usama\source\repos\InteractiveGraphicsHouseAndTrees\InteractiveGraphicsHouseAndTrees\name_surname.cpp(138,34): warning C4244: 'argument': conversion from 'double' to 'GLfloat', possible loss of data
C:\Users\Usama\source\repos\InteractiveGraphicsHouseAndTrees\InteractiveGraphicsHouseAndTrees\name_surname.cpp(138,22): warning C4244: 'argument': conversion from 'double' to 'GLfloat', possible loss of data
C:\Users\Usama\source\repos\InteractiveGraphicsHouseAndTrees\InteractiveGraphicsHouseAndTrees\name_surname.cpp(138,11): warning C4244: 'argument': conversion from 'double' to 'GLfloat', possible loss of data
C:\Users\Usama\source\repos\InteractiveGraphicsHouseAndTrees\InteractiveGraphicsHouseAndTrees\name_surname.cpp(145,25): warning C4305: 'argument': truncation from 'double' to 'GLfloat'
C:\Users\Usama\source\repos\InteractiveGraphicsHouseAndTrees\InteractiveGraphicsHouseAndTrees\name_surname.cpp(146,55): warning C4244: 'argument': conversion from 'double' to 'GLfloat', possible loss of data
C:\Users\Usama\source\repos\InteractiveGraphicsHouseAndTrees\InteractiveGraphicsHouseAndTrees\name_surname.cpp(146,28): warning C4244: 'argument': conversion from 'double' to 'GLfloat', possible loss of data
C:\Users\Usama\source\repos\InteractiveGraphicsHouseAndTrees\InteractiveGraphicsHouseAndTrees\name_surname.cpp(147,30): warning C4244: 'argument': conversion from 'double' to 'GLfloat', possible loss of data
C:\Users\Usama\source\repos\InteractiveGraphicsHouseAndTrees\InteractiveGraphicsHouseAndTrees\name_surname.cpp(147,20): warning C4244: 'argument': conversion from 'double' to 'GLfloat', possible loss of data
C:\Users\Usama\source\repos\InteractiveGraphicsHouseAndTrees\InteractiveGraphicsHouseAndTrees\name_surname.cpp(147,11): warning C4244: 'argument': conversion from 'double' to 'GLfloat', possible loss of data
C:\Users\Usama\source\repos\InteractiveGraphicsHouseAndTrees\InteractiveGraphicsHouseAndTrees\name_surname.cpp(154,25): warning C4305: 'argument': truncation from 'double' to 'GLfloat'
C:\Users\Usama\source\repos\InteractiveGraphicsHouseAndTrees\InteractiveGraphicsHouseAndTrees\name_surname.cpp(155,40): warning C4244: 'argument': conversion from 'double' to 'GLfloat', possible loss of data
C:\Users\Usama\source\repos\InteractiveGraphicsHouseAndTrees\InteractiveGraphicsHouseAndTrees\name_surname.cpp(155,24): warning C4244: 'argument': conversion from 'double' to 'GLfloat', possible loss of data
C:\Users\Usama\source\repos\InteractiveGraphicsHouseAndTrees\InteractiveGraphicsHouseAndTrees\name_surname.cpp(156,30): warning C4244: 'argument': conversion from 'double' to 'GLfloat', possible loss of data
C:\Users\Usama\source\repos\InteractiveGraphicsHouseAndTrees\InteractiveGraphicsHouseAndTrees\name_surname.cpp(156,20): warning C4244: 'argument': conversion from 'double' to 'GLfloat', possible loss of data
C:\Users\Usama\source\repos\InteractiveGraphicsHouseAndTrees\InteractiveGraphicsHouseAndTrees\name_surname.cpp(156,11): warning C4244: 'argument': conversion from 'double' to 'GLfloat', possible loss of data
C:\Users\Usama\source\repos\InteractiveGraphicsHouseAndTrees\InteractiveGraphicsHouseAndTrees\name_surname.cpp(163,28): warning C4305: 'argument': truncation from 'double' to 'GLfloat'
C:\Users\Usama\source\repos\InteractiveGraphicsHouseAndTrees\InteractiveGraphicsHouseAndTrees\name_surname.cpp(164,44): warning C4244: 'argument': conversion from 'double' to 'GLfloat', possible loss of data
C:\Users\Usama\source\repos\InteractiveGraphicsHouseAndTrees\InteractiveGraphicsHouseAndTrees\name_surname.cpp(164,26): warning C4244: 'argument': conversion from 'double' to 'GLfloat', possible loss of data
C:\Users\Usama\source\repos\InteractiveGraphicsHouseAndTrees\InteractiveGraphicsHouseAndTrees\name_surname.cpp(165,36): warning C4244: 'argument': conversion from 'double' to 'GLfloat', possible loss of data
C:\Users\Usama\source\repos\InteractiveGraphicsHouseAndTrees\InteractiveGraphicsHouseAndTrees\name_surname.cpp(165,23): warning C4244: 'argument': conversion from 'double' to 'GLfloat', possible loss of data
C:\Users\Usama\source\repos\InteractiveGraphicsHouseAndTrees\InteractiveGraphicsHouseAndTrees\name_surname.cpp(165,11): warning C4244: 'argument': conversion from 'double' to 'GLfloat', possible loss of data
C:\Users\Usama\source\repos\InteractiveGraphicsHouseAndTrees\InteractiveGraphicsHouseAndTrees\name_surname.cpp(172,25): warning C4305: 'argument': truncation from 'double' to 'GLfloat'
C:\Users\Usama\source\repos\InteractiveGraphicsHouseAndTrees\InteractiveGraphicsHouseAndTrees\name_surname.cpp(173,44): warning C4244: 'argument': conversion from 'double' to 'GLfloat', possible loss of data
C:\Users\Usama\source\repos\InteractiveGraphicsHouseAndTrees\InteractiveGraphicsHouseAndTrees\name_surname.cpp(173,26): warning C4244: 'argument': conversion from 'double' to 'GLfloat', possible loss of data
C:\Users\Usama\source\repos\InteractiveGraphicsHouseAndTrees\InteractiveGraphicsHouseAndTrees\name_surname.cpp(175,17): warning C4244: 'argument': conversion from 'double' to 'float', possible loss of data
C:\Users\Usama\source\repos\InteractiveGraphicsHouseAndTrees\InteractiveGraphicsHouseAndTrees\name_surname.cpp(175,7): warning C4244: 'argument': conversion from 'double' to 'float', possible loss of data
C:\Users\Usama\source\repos\InteractiveGraphicsHouseAndTrees\InteractiveGraphicsHouseAndTrees\name_surname.cpp(180,25): warning C4305: 'argument': truncation from 'double' to 'GLfloat'
C:\Users\Usama\source\repos\InteractiveGraphicsHouseAndTrees\InteractiveGraphicsHouseAndTrees\name_surname.cpp(182,58): warning C4244: 'argument': conversion from 'double' to 'GLfloat', possible loss of data
C:\Users\Usama\source\repos\InteractiveGraphicsHouseAndTrees\InteractiveGraphicsHouseAndTrees\name_surname.cpp(182,26): warning C4244: 'argument': conversion from 'double' to 'GLfloat', possible loss of data
C:\Users\Usama\source\repos\InteractiveGraphicsHouseAndTrees\InteractiveGraphicsHouseAndTrees\name_surname.cpp(184,20): warning C4244: 'argument': conversion from 'double' to 'float', possible loss of data
C:\Users\Usama\source\repos\InteractiveGraphicsHouseAndTrees\InteractiveGraphicsHouseAndTrees\name_surname.cpp(184,11): warning C4244: 'argument': conversion from 'double' to 'float', possible loss of data
C:\Users\Usama\source\repos\InteractiveGraphicsHouseAndTrees\InteractiveGraphicsHouseAndTrees\name_surname.cpp(195,85): warning C4244: 'argument': conversion from 'double' to 'GLfloat', possible loss of data
C:\Users\Usama\source\repos\InteractiveGraphicsHouseAndTrees\InteractiveGraphicsHouseAndTrees\name_surname.cpp(195,29): warning C4244: 'argument': conversion from 'double' to 'GLfloat', possible loss of data
C:\Users\Usama\source\repos\InteractiveGraphicsHouseAndTrees\InteractiveGraphicsHouseAndTrees\name_surname.cpp(196,25): warning C4244: 'argument': conversion from 'double' to 'GLfloat', possible loss of data
C:\Users\Usama\source\repos\InteractiveGraphicsHouseAndTrees\InteractiveGraphicsHouseAndTrees\name_surname.cpp(197,12): warning C4244: 'argument': conversion from 'int' to 'GLfloat', possible loss of data
C:\Users\Usama\source\repos\InteractiveGraphicsHouseAndTrees\InteractiveGraphicsHouseAndTrees\name_surname.cpp(198,24): warning C4244: 'argument': conversion from 'double' to 'GLfloat', possible loss of data
C:\Users\Usama\source\repos\InteractiveGraphicsHouseAndTrees\InteractiveGraphicsHouseAndTrees\name_surname.cpp(199,34): warning C4244: 'argument': conversion from 'double' to 'GLfloat', possible loss of data
C:\Users\Usama\source\repos\InteractiveGraphicsHouseAndTrees\InteractiveGraphicsHouseAndTrees\name_surname.cpp(199,22): warning C4244: 'argument': conversion from 'double' to 'GLfloat', possible loss of data
C:\Users\Usama\source\repos\InteractiveGraphicsHouseAndTrees\InteractiveGraphicsHouseAndTrees\name_surname.cpp(199,11): warning C4244: 'argument': conversion from 'double' to 'GLfloat', possible loss of data
C:\Users\Usama\source\repos\InteractiveGraphicsHouseAndTrees\InteractiveGraphicsHouseAndTrees\name_surname.cpp(207,21): warning C4305: 'argument': truncation from 'double' to 'GLfloat'
C:\Users\Usama\source\repos\InteractiveGraphicsHouseAndTrees\InteractiveGraphicsHouseAndTrees\name_surname.cpp(209,68): warning C4244: 'argument': conversion from 'double' to 'GLfloat', possible loss of data
C:\Users\Usama\source\repos\InteractiveGraphicsHouseAndTrees\InteractiveGraphicsHouseAndTrees\name_surname.cpp(209,37): warning C4244: 'argument': conversion from 'double' to 'GLfloat', possible loss of data
C:\Users\Usama\source\repos\InteractiveGraphicsHouseAndTrees\InteractiveGraphicsHouseAndTrees\name_surname.cpp(209,23): warning C4244: 'argument': conversion from 'double' to 'GLfloat', possible loss of data
C:\Users\Usama\source\repos\InteractiveGraphicsHouseAndTrees\InteractiveGraphicsHouseAndTrees\name_surname.cpp(211,36): warning C4244: 'argument': conversion from 'double' to 'GLfloat', possible loss of data
C:\Users\Usama\source\repos\InteractiveGraphicsHouseAndTrees\InteractiveGraphicsHouseAndTrees\name_surname.cpp(211,23): warning C4244: 'argument': conversion from 'double' to 'GLfloat', possible loss of data
C:\Users\Usama\source\repos\InteractiveGraphicsHouseAndTrees\InteractiveGraphicsHouseAndTrees\name_surname.cpp(211,11): warning C4244: 'argument': conversion from 'double' to 'GLfloat', possible loss of data
C:\Users\Usama\source\repos\InteractiveGraphicsHouseAndTrees\InteractiveGraphicsHouseAndTrees\name_surname.cpp(215,21): warning C4305: 'argument': truncation from 'double' to 'GLfloat'
C:\Users\Usama\source\repos\InteractiveGraphicsHouseAndTrees\InteractiveGraphicsHouseAndTrees\name_surname.cpp(217,73): warning C4244: 'argument': conversion from 'double' to 'GLfloat', possible loss of data
C:\Users\Usama\source\repos\InteractiveGraphicsHouseAndTrees\InteractiveGraphicsHouseAndTrees\name_surname.cpp(217,39): warning C4244: 'argument': conversion from 'double' to 'GLfloat', possible loss of data
C:\Users\Usama\source\repos\InteractiveGraphicsHouseAndTrees\InteractiveGraphicsHouseAndTrees\name_surname.cpp(217,23): warning C4244: 'argument': conversion from 'double' to 'GLfloat', possible loss of data
C:\Users\Usama\source\repos\InteractiveGraphicsHouseAndTrees\InteractiveGraphicsHouseAndTrees\name_surname.cpp(219,36): warning C4244: 'argument': conversion from 'double' to 'GLfloat', possible loss of data
C:\Users\Usama\source\repos\InteractiveGraphicsHouseAndTrees\InteractiveGraphicsHouseAndTrees\name_surname.cpp(219,23): warning C4244: 'argument': conversion from 'double' to 'GLfloat', possible loss of data
C:\Users\Usama\source\repos\InteractiveGraphicsHouseAndTrees\InteractiveGraphicsHouseAndTrees\name_surname.cpp(219,11): warning C4244: 'argument': conversion from 'double' to 'GLfloat', possible loss of data
C:\Users\Usama\source\repos\InteractiveGraphicsHouseAndTrees\InteractiveGraphicsHouseAndTrees\name_surname.cpp(225,21): warning C4305: 'argument': truncation from 'double' to 'GLfloat'
C:\Users\Usama\source\repos\InteractiveGraphicsHouseAndTrees\InteractiveGraphicsHouseAndTrees\name_surname.cpp(227,55): warning C4244: 'argument': conversion from 'double' to 'GLfloat', possible loss of data
C:\Users\Usama\source\repos\InteractiveGraphicsHouseAndTrees\InteractiveGraphicsHouseAndTrees\name_surname.cpp(227,31): warning C4244: 'argument': conversion from 'double' to 'GLfloat', possible loss of data
C:\Users\Usama\source\repos\InteractiveGraphicsHouseAndTrees\InteractiveGraphicsHouseAndTrees\name_surname.cpp(229,36): warning C4244: 'argument': conversion from 'double' to 'GLfloat', possible loss of data
C:\Users\Usama\source\repos\InteractiveGraphicsHouseAndTrees\InteractiveGraphicsHouseAndTrees\name_surname.cpp(229,23): warning C4244: 'argument': conversion from 'double' to 'GLfloat', possible loss of data
C:\Users\Usama\source\repos\InteractiveGraphicsHouseAndTrees\InteractiveGraphicsHouseAndTrees\name_surname.cpp(229,11): warning C4244: 'argument': conversion from 'double' to 'GLfloat', possible loss of data
C:\Users\Usama\source\repos\InteractiveGraphicsHouseAndTrees\InteractiveGraphicsHouseAndTrees\name_surname.cpp(233,21): warning C4305: 'argument': truncation from 'double' to 'GLfloat'
C:\Users\Usama\source\repos\InteractiveGraphicsHouseAndTrees\InteractiveGraphicsHouseAndTrees\name_surname.cpp(235,57): warning C4244: 'argument': conversion from 'double' to 'GLfloat', possible loss of data
C:\Users\Usama\source\repos\InteractiveGraphicsHouseAndTrees\InteractiveGraphicsHouseAndTrees\name_surname.cpp(235,31): warning C4244: 'argument': conversion from 'double' to 'GLfloat', possible loss of data
C:\Users\Usama\source\repos\InteractiveGraphicsHouseAndTrees\InteractiveGraphicsHouseAndTrees\name_surname.cpp(237,36): warning C4244: 'argument': conversion from 'double' to 'GLfloat', possible loss of data
C:\Users\Usama\source\repos\InteractiveGraphicsHouseAndTrees\InteractiveGraphicsHouseAndTrees\name_surname.cpp(237,23): warning C4244: 'argument': conversion from 'double' to 'GLfloat', possible loss of data
C:\Users\Usama\source\repos\InteractiveGraphicsHouseAndTrees\InteractiveGraphicsHouseAndTrees\name_surname.cpp(237,11): warning C4244: 'argument': conversion from 'double' to 'GLfloat', possible loss of data
C:\Users\Usama\source\repos\InteractiveGraphicsHouseAndTrees\InteractiveGraphicsHouseAndTrees\name_surname.cpp(245,69): warning C4244: 'argument': conversion from 'double' to 'GLfloat', possible loss of data
C:\Users\Usama\source\repos\InteractiveGraphicsHouseAndTrees\InteractiveGraphicsHouseAndTrees\name_surname.cpp(245,50): warning C4244: 'argument': conversion from 'double' to 'GLfloat', possible loss of data
C:\Users\Usama\source\repos\InteractiveGraphicsHouseAndTrees\InteractiveGraphicsHouseAndTrees\name_surname.cpp(245,31): warning C4244: 'argument': conversion from 'double' to 'GLfloat', possible loss of data
C:\Users\Usama\source\repos\InteractiveGraphicsHouseAndTrees\InteractiveGraphicsHouseAndTrees\name_surname.cpp(246,24): warning C4244: 'argument': conversion from 'double' to 'GLfloat', possible loss of data
C:\Users\Usama\source\repos\InteractiveGraphicsHouseAndTrees\InteractiveGraphicsHouseAndTrees\name_surname.cpp(262,19): warning C4244: 'argument': conversion from 'int' to 'GLfloat', possible loss of data
C:\Users\Usama\source\repos\InteractiveGraphicsHouseAndTrees\InteractiveGraphicsHouseAndTrees\name_surname.cpp(262,16): warning C4244: 'argument': conversion from 'int' to 'GLfloat', possible loss of data
C:\Users\Usama\source\repos\InteractiveGraphicsHouseAndTrees\InteractiveGraphicsHouseAndTrees\name_surname.cpp(296,45): warning C4244: 'argument': conversion from 'double' to 'GLfloat', possible loss of data
C:\Users\Usama\source\repos\InteractiveGraphicsHouseAndTrees\InteractiveGraphicsHouseAndTrees\name_surname.cpp(296,25): warning C4244: 'argument': conversion from 'double' to 'GLfloat', possible loss of data
C:\Users\Usama\source\repos\InteractiveGraphicsHouseAndTrees\InteractiveGraphicsHouseAndTrees\name_surname.cpp(298,23): warning C4244: 'argument': conversion from 'int' to 'GLfloat', possible loss of data
C:\Users\Usama\source\repos\InteractiveGraphicsHouseAndTrees\InteractiveGraphicsHouseAndTrees\name_surname.cpp(473,31): warning C4244: 'argument': conversion from 'double' to 'float', possible loss of data
C:\Users\Usama\source\repos\InteractiveGraphicsHouseAndTrees\InteractiveGraphicsHouseAndTrees\name_surname.cpp(474,28): warning C4244: 'argument': conversion from 'double' to 'float', possible loss of data
C:\Users\Usama\source\repos\InteractiveGraphicsHouseAndTrees\InteractiveGraphicsHouseAndTrees\name_surname.cpp(513,1): warning C4326: return type of 'main' should be 'int' instead of 'void'
  InteractiveGraphicsHouseAndTrees.vcxproj -> C:\Users\Usama\source\repos\InteractiveGraphicsHouseAndTrees\Debug\InteractiveGraphicsHouseAndTrees.exe
